This is pdfTeX, Version 3.141592653-2.6-1.40.26 (MiKTeX 24.4) (preloaded format=pdflatex 2025.1.9)  19 APR 2025 16:32
entering extended mode
 restricted \write18 enabled.
 file:line:error style messages enabled.
 %&-line parsing enabled.
**"c:/Users/armaan/Desktop/major project report/report.tex"
(c:/Users/armaan/Desktop/major project report/report.tex
LaTeX2e <2024-11-01> patch level 1
L3 programming layer <2024-12-09>
(A:\MIKTEX\tex/latex/base\report.cls
Document Class: report 2024/06/29 v1.4n Standard LaTeX document class
(A:\MIKTEX\tex/latex/base\size12.clo
File: size12.clo 2024/06/29 v1.4n Standard LaTeX file (size option)
)
\c@part=\count196
\c@chapter=\count197
\c@section=\count198
\c@subsection=\count199
\c@subsubsection=\count266
\c@paragraph=\count267
\c@subparagraph=\count268
\c@figure=\count269
\c@table=\count270
\abovecaptionskip=\skip49
\belowcaptionskip=\skip50
\bibindent=\dimen141
) (A:\MIKTEX\tex/latex/base\inputenc.sty
Package: inputenc 2024/02/08 v1.3d Input encoding file
\inpenc@prehook=\toks17
\inpenc@posthook=\toks18
) (A:\MIKTEX\tex/latex/amsmath\amsmath.sty
Package: amsmath 2024/11/05 v2.17t AMS math features
\@mathmargin=\skip51

For additional information on amsmath, use the `?' option.
(A:\MIKTEX\tex/latex/amsmath\amstext.sty
Package: amstext 2021/08/26 v2.01 AMS text
 (A:\MIKTEX\tex/latex/amsmath\amsgen.sty
File: amsgen.sty 1999/11/30 v2.0 generic functions
\@emptytoks=\toks19
\ex@=\dimen142
)) (A:\MIKTEX\tex/latex/amsmath\amsbsy.sty
Package: amsbsy 1999/11/29 v1.2d Bold Symbols
\pmbraise@=\dimen143
) (A:\MIKTEX\tex/latex/amsmath\amsopn.sty
Package: amsopn 2022/04/08 v2.04 operator names
)
\inf@bad=\count271
LaTeX Info: Redefining \frac on input line 233.
\uproot@=\count272
\leftroot@=\count273
LaTeX Info: Redefining \overline on input line 398.
LaTeX Info: Redefining \colon on input line 409.
\classnum@=\count274
\DOTSCASE@=\count275
LaTeX Info: Redefining \ldots on input line 495.
LaTeX Info: Redefining \dots on input line 498.
LaTeX Info: Redefining \cdots on input line 619.
\Mathstrutbox@=\box52
\strutbox@=\box53
LaTeX Info: Redefining \big on input line 721.
LaTeX Info: Redefining \Big on input line 722.
LaTeX Info: Redefining \bigg on input line 723.
LaTeX Info: Redefining \Bigg on input line 724.
\big@size=\dimen144
LaTeX Font Info:    Redeclaring font encoding OML on input line 742.
LaTeX Font Info:    Redeclaring font encoding OMS on input line 743.
\macc@depth=\count276
LaTeX Info: Redefining \bmod on input line 904.
LaTeX Info: Redefining \pmod on input line 909.
LaTeX Info: Redefining \smash on input line 939.
LaTeX Info: Redefining \relbar on input line 969.
LaTeX Info: Redefining \Relbar on input line 970.
\c@MaxMatrixCols=\count277
\dotsspace@=\muskip17
\c@parentequation=\count278
\dspbrk@lvl=\count279
\tag@help=\toks20
\row@=\count280
\column@=\count281
\maxfields@=\count282
\andhelp@=\toks21
\eqnshift@=\dimen145
\alignsep@=\dimen146
\tagshift@=\dimen147
\tagwidth@=\dimen148
\totwidth@=\dimen149
\lineht@=\dimen150
\@envbody=\toks22
\multlinegap=\skip52
\multlinetaggap=\skip53
\mathdisplay@stack=\toks23
LaTeX Info: Redefining \[ on input line 2953.
LaTeX Info: Redefining \] on input line 2954.
) (A:\MIKTEX\tex/latex/amsfonts\amssymb.sty
Package: amssymb 2013/01/14 v3.01 AMS font symbols
 (A:\MIKTEX\tex/latex/amsfonts\amsfonts.sty
Package: amsfonts 2013/01/14 v3.01 Basic AMSFonts support
\symAMSa=\mathgroup4
\symAMSb=\mathgroup5
LaTeX Font Info:    Redeclaring math symbol \hbar on input line 98.
LaTeX Font Info:    Overwriting math alphabet `\mathfrak' in version `bold'
(Font)                  U/euf/m/n --> U/euf/b/n on input line 106.
)) (A:\MIKTEX\tex/latex/graphics\graphicx.sty
Package: graphicx 2021/09/16 v1.2d Enhanced LaTeX Graphics (DPC,SPQR)
 (A:\MIKTEX\tex/latex/graphics\keyval.sty
Package: keyval 2022/05/29 v1.15 key=value parser (DPC)
\KV@toks@=\toks24
) (A:\MIKTEX\tex/latex/graphics\graphics.sty
Package: graphics 2024/08/06 v1.4g Standard LaTeX Graphics (DPC,SPQR)
 (A:\MIKTEX\tex/latex/graphics\trig.sty
Package: trig 2023/12/02 v1.11 sin cos tan (DPC)
) (A:\MIKTEX\tex/latex/graphics-cfg\graphics.cfg
File: graphics.cfg 2016/06/04 v1.11 sample graphics configuration
)
Package graphics Info: Driver file: pdftex.def on input line 106.
 (A:\MIKTEX\tex/latex/graphics-def\pdftex.def
File: pdftex.def 2024/04/13 v1.2c Graphics/color driver for pdftex
))
\Gin@req@height=\dimen151
\Gin@req@width=\dimen152
) (A:\MIKTEX\tex/latex/hyperref\hyperref.sty
Package: hyperref 2024-11-05 v7.01l Hypertext links for LaTeX
 (A:\MIKTEX\tex/generic/iftex\iftex.sty
Package: iftex 2024/12/12 v1.0g TeX engine tests
) (A:\MIKTEX\tex/latex/kvsetkeys\kvsetkeys.sty
Package: kvsetkeys 2022-10-05 v1.19 Key value parser (HO)
) (A:\MIKTEX\tex/generic/kvdefinekeys\kvdefinekeys.sty
Package: kvdefinekeys 2019-12-19 v1.6 Define keys (HO)
) (A:\MIKTEX\tex/generic/pdfescape\pdfescape.sty
Package: pdfescape 2019/12/09 v1.15 Implements pdfTeX's escape features (HO)
 (A:\MIKTEX\tex/generic/ltxcmds\ltxcmds.sty
Package: ltxcmds 2023-12-04 v1.26 LaTeX kernel commands for general use (HO)
) (A:\MIKTEX\tex/generic/pdftexcmds\pdftexcmds.sty
Package: pdftexcmds 2020-06-27 v0.33 Utility functions of pdfTeX for LuaTeX (HO)
 (A:\MIKTEX\tex/generic/infwarerr\infwarerr.sty
Package: infwarerr 2019/12/03 v1.5 Providing info/warning/error messages (HO)
)
Package pdftexcmds Info: \pdf@primitive is available.
Package pdftexcmds Info: \pdf@ifprimitive is available.
Package pdftexcmds Info: \pdfdraftmode found.
)) (A:\MIKTEX\tex/latex/hycolor\hycolor.sty
Package: hycolor 2020-01-27 v1.10 Color options for hyperref/bookmark (HO)
) (A:\MIKTEX\tex/latex/hyperref\nameref.sty
Package: nameref 2023-11-26 v2.56 Cross-referencing by name of section
 (A:\MIKTEX\tex/latex/refcount\refcount.sty
Package: refcount 2019/12/15 v3.6 Data extraction from label references (HO)
) (A:\MIKTEX\tex/generic/gettitlestring\gettitlestring.sty
Package: gettitlestring 2019/12/15 v1.6 Cleanup title references (HO)
 (A:\MIKTEX\tex/latex/kvoptions\kvoptions.sty
Package: kvoptions 2022-06-15 v3.15 Key value format for package options (HO)
))
\c@section@level=\count283
) (A:\MIKTEX\tex/latex/etoolbox\etoolbox.sty
Package: etoolbox 2020/10/05 v2.5k e-TeX tools for LaTeX (JAW)
\etb@tempcnta=\count284
) (A:\MIKTEX\tex/generic/stringenc\stringenc.sty
Package: stringenc 2019/11/29 v1.12 Convert strings between diff. encodings (HO)
)
\@linkdim=\dimen153
\Hy@linkcounter=\count285
\Hy@pagecounter=\count286
 (A:\MIKTEX\tex/latex/hyperref\pd1enc.def
File: pd1enc.def 2024-11-05 v7.01l Hyperref: PDFDocEncoding definition (HO)
Now handling font encoding PD1 ...
... no UTF-8 mapping file for font encoding PD1
) (A:\MIKTEX\tex/generic/intcalc\intcalc.sty
Package: intcalc 2019/12/15 v1.3 Expandable calculations with integers (HO)
)
\Hy@SavedSpaceFactor=\count287
 (A:\MIKTEX\tex/latex/hyperref\puenc.def
File: puenc.def 2024-11-05 v7.01l Hyperref: PDF Unicode definition (HO)
Now handling font encoding PU ...
... no UTF-8 mapping file for font encoding PU
)
Package hyperref Info: Hyper figures OFF on input line 4157.
Package hyperref Info: Link nesting OFF on input line 4162.
Package hyperref Info: Hyper index ON on input line 4165.
Package hyperref Info: Plain pages OFF on input line 4172.
Package hyperref Info: Backreferencing OFF on input line 4177.
Package hyperref Info: Implicit mode ON; LaTeX internals redefined.
Package hyperref Info: Bookmarks ON on input line 4424.
\c@Hy@tempcnt=\count288
 (A:\MIKTEX\tex/latex/url\url.sty
\Urlmuskip=\muskip18
Package: url 2013/09/16  ver 3.4  Verb mode for urls, etc.
)
LaTeX Info: Redefining \url on input line 4763.
\XeTeXLinkMargin=\dimen154
 (A:\MIKTEX\tex/generic/bitset\bitset.sty
Package: bitset 2019/12/09 v1.3 Handle bit-vector datatype (HO)
 (A:\MIKTEX\tex/generic/bigintcalc\bigintcalc.sty
Package: bigintcalc 2019/12/15 v1.5 Expandable calculations on big integers (HO)
))
\Fld@menulength=\count289
\Field@Width=\dimen155
\Fld@charsize=\dimen156
Package hyperref Info: Hyper figures OFF on input line 6042.
Package hyperref Info: Link nesting OFF on input line 6047.
Package hyperref Info: Hyper index ON on input line 6050.
Package hyperref Info: backreferencing OFF on input line 6057.
Package hyperref Info: Link coloring OFF on input line 6062.
Package hyperref Info: Link coloring with OCG OFF on input line 6067.
Package hyperref Info: PDF/A mode OFF on input line 6072.
 (A:\MIKTEX\tex/latex/base\atbegshi-ltx.sty
Package: atbegshi-ltx 2021/01/10 v1.0c Emulation of the original atbegshi
package with kernel methods
)
\Hy@abspage=\count290
\c@Item=\count291
\c@Hfootnote=\count292
)
Package hyperref Info: Driver (autodetected): hpdftex.
 (A:\MIKTEX\tex/latex/hyperref\hpdftex.def
File: hpdftex.def 2024-11-05 v7.01l Hyperref driver for pdfTeX
 (A:\MIKTEX\tex/latex/base\atveryend-ltx.sty
Package: atveryend-ltx 2020/08/19 v1.0a Emulation of the original atveryend package
with kernel methods
)
\Fld@listcount=\count293
\c@bookmark@seq@number=\count294
 (A:\MIKTEX\tex/latex/rerunfilecheck\rerunfilecheck.sty
Package: rerunfilecheck 2022-07-10 v1.10 Rerun checks for auxiliary files (HO)
 (A:\MIKTEX\tex/generic/uniquecounter\uniquecounter.sty
Package: uniquecounter 2019/12/15 v1.4 Provide unlimited unique counter (HO)
)
Package uniquecounter Info: New unique counter `rerunfilecheck' on input line 285.
)
\Hy@SectionHShift=\skip54
) (A:\MIKTEX\tex/latex/caption\caption.sty
Package: caption 2023/08/05 v3.6o Customizing captions (AR)
 (A:\MIKTEX\tex/latex/caption\caption3.sty
Package: caption3 2023/07/31 v2.4d caption3 kernel (AR)
\caption@tempdima=\dimen157
\captionmargin=\dimen158
\caption@leftmargin=\dimen159
\caption@rightmargin=\dimen160
\caption@width=\dimen161
\caption@indent=\dimen162
\caption@parindent=\dimen163
\caption@hangindent=\dimen164
Package caption Info: Standard document class detected.
)
\c@caption@flags=\count295
\c@continuedfloat=\count296
Package caption Info: hyperref package is loaded.
) (A:\MIKTEX\tex/latex/geometry\geometry.sty
Package: geometry 2020/01/02 v5.9 Page Geometry
 (A:\MIKTEX\tex/generic/iftex\ifvtex.sty
Package: ifvtex 2019/10/25 v1.7 ifvtex legacy package. Use iftex instead.
)
\Gm@cnth=\count297
\Gm@cntv=\count298
\c@Gm@tempcnt=\count299
\Gm@bindingoffset=\dimen165
\Gm@wd@mp=\dimen166
\Gm@odd@mp=\dimen167
\Gm@even@mp=\dimen168
\Gm@layoutwidth=\dimen169
\Gm@layoutheight=\dimen170
\Gm@layouthoffset=\dimen171
\Gm@layoutvoffset=\dimen172
\Gm@dimlist=\toks25
 (A:\MIKTEX\tex/latex/geometry\geometry.cfg)) (A:\MIKTEX\tex/latex/setspace\setspace.sty
Package: setspace 2022/12/04 v6.7b set line spacing
) (A:\MIKTEX\tex/latex/titlesec\titlesec.sty
Package: titlesec 2023/10/27 v2.16 Sectioning titles
\ttl@box=\box54
\beforetitleunit=\skip55
\aftertitleunit=\skip56
\ttl@plus=\dimen173
\ttl@minus=\dimen174
\ttl@toksa=\toks26
\titlewidth=\dimen175
\titlewidthlast=\dimen176
\titlewidthfirst=\dimen177
) (A:\MIKTEX\tex/latex/float\float.sty
Package: float 2001/11/08 v1.3d Float enhancements (AL)
\c@float@type=\count300
\float@exts=\toks27
\float@box=\box55
\@float@everytoks=\toks28
\@floatcapt=\box56
) (A:\MIKTEX\tex/latex/listings\listings.sty
\lst@mode=\count301
\lst@gtempboxa=\box57
\lst@token=\toks29
\lst@length=\count302
\lst@currlwidth=\dimen178
\lst@column=\count303
\lst@pos=\count304
\lst@lostspace=\dimen179
\lst@width=\dimen180
\lst@newlines=\count305
\lst@lineno=\count306
\lst@maxwidth=\dimen181
 (A:\MIKTEX\tex/latex/listings\lstpatch.sty
File: lstpatch.sty 2024/09/23 1.10c (Carsten Heinz)
) (A:\MIKTEX\tex/latex/listings\lstmisc.sty
File: lstmisc.sty 2024/09/23 1.10c (Carsten Heinz)
\c@lstnumber=\count307
\lst@skipnumbers=\count308
\lst@framebox=\box58
) (A:\MIKTEX\tex/latex/listings\listings.cfg
File: listings.cfg 2024/09/23 1.10c listings configuration
))
Package: listings 2024/09/23 1.10c (Carsten Heinz)
 (A:\MIKTEX\tex/latex/xcolor\xcolor.sty
Package: xcolor 2024/09/29 v3.02 LaTeX color extensions (UK)
 (A:\MIKTEX\tex/latex/graphics-cfg\color.cfg
File: color.cfg 2016/01/02 v1.6 sample color configuration
)
Package xcolor Info: Driver file: pdftex.def on input line 274.
 (A:\MIKTEX\tex/latex/graphics\mathcolor.ltx)
Package xcolor Info: Model `cmy' substituted by `cmy0' on input line 1349.
Package xcolor Info: Model `hsb' substituted by `rgb' on input line 1353.
Package xcolor Info: Model `RGB' extended on input line 1365.
Package xcolor Info: Model `HTML' substituted by `rgb' on input line 1367.
Package xcolor Info: Model `Hsb' substituted by `hsb' on input line 1368.
Package xcolor Info: Model `tHsb' substituted by `hsb' on input line 1369.
Package xcolor Info: Model `HSB' substituted by `hsb' on input line 1370.
Package xcolor Info: Model `Gray' substituted by `gray' on input line 1371.
Package xcolor Info: Model `wave' substituted by `hsb' on input line 1372.
) (A:\MIKTEX\tex/latex/tools\tabularx.sty
Package: tabularx 2023/12/11 v2.12a `tabularx' package (DPC)
 (A:\MIKTEX\tex/latex/tools\array.sty
Package: array 2024/10/17 v2.6g Tabular extension package (FMi)
\col@sep=\dimen182
\ar@mcellbox=\box59
\extrarowheight=\dimen183
\NC@list=\toks30
\extratabsurround=\skip57
\backup@length=\skip58
\ar@cellbox=\box60
)
\TX@col@width=\dimen184
\TX@old@table=\dimen185
\TX@old@col=\dimen186
\TX@target=\dimen187
\TX@delta=\dimen188
\TX@cols=\count309
\TX@ftn=\toks31
) (A:\MIKTEX\tex/latex/booktabs\booktabs.sty
Package: booktabs 2020/01/12 v1.61803398 Publication quality tables
\heavyrulewidth=\dimen189
\lightrulewidth=\dimen190
\cmidrulewidth=\dimen191
\belowrulesep=\dimen192
\belowbottomsep=\dimen193
\aboverulesep=\dimen194
\abovetopsep=\dimen195
\cmidrulesep=\dimen196
\cmidrulekern=\dimen197
\defaultaddspace=\dimen198
\@cmidla=\count310
\@cmidlb=\count311
\@aboverulesep=\dimen199
\@belowrulesep=\dimen256
\@thisruleclass=\count312
\@lastruleclass=\count313
\@thisrulewidth=\dimen257
) (A:\MIKTEX\tex/latex/makecell\makecell.sty
Package: makecell 2009/08/03 V0.1e Managing of Tab Column Heads and Cells
\rotheadsize=\dimen258
\c@nlinenum=\count314
\TeXr@lab=\toks32
) (A:\MIKTEX\tex/latex/l3backend\l3backend-pdftex.def
File: l3backend-pdftex.def 2024-05-08 L3 backend support: PDF output (pdfTeX)
\l__color_backend_stack_int=\count315
\l__pdf_internal_box=\box61
) (report.aux)
\openout1 = `report.aux'.

LaTeX Font Info:    Checking defaults for OML/cmm/m/it on input line 55.
LaTeX Font Info:    ... okay on input line 55.
LaTeX Font Info:    Checking defaults for OMS/cmsy/m/n on input line 55.
LaTeX Font Info:    ... okay on input line 55.
LaTeX Font Info:    Checking defaults for OT1/cmr/m/n on input line 55.
LaTeX Font Info:    ... okay on input line 55.
LaTeX Font Info:    Checking defaults for T1/cmr/m/n on input line 55.
LaTeX Font Info:    ... okay on input line 55.
LaTeX Font Info:    Checking defaults for TS1/cmr/m/n on input line 55.
LaTeX Font Info:    ... okay on input line 55.
LaTeX Font Info:    Checking defaults for OMX/cmex/m/n on input line 55.
LaTeX Font Info:    ... okay on input line 55.
LaTeX Font Info:    Checking defaults for U/cmr/m/n on input line 55.
LaTeX Font Info:    ... okay on input line 55.
LaTeX Font Info:    Checking defaults for PD1/pdf/m/n on input line 55.
LaTeX Font Info:    ... okay on input line 55.
LaTeX Font Info:    Checking defaults for PU/pdf/m/n on input line 55.
LaTeX Font Info:    ... okay on input line 55.
 (A:\MIKTEX\tex/context/base/mkii\supp-pdf.mkii
[Loading MPS to PDF converter (version 2006.09.02).]
\scratchcounter=\count316
\scratchdimen=\dimen259
\scratchbox=\box62
\nofMPsegments=\count317
\nofMParguments=\count318
\everyMPshowfont=\toks33
\MPscratchCnt=\count319
\MPscratchDim=\dimen260
\MPnumerator=\count320
\makeMPintoPDFobject=\count321
\everyMPtoPDFconversion=\toks34
) (A:\MIKTEX\tex/latex/epstopdf-pkg\epstopdf-base.sty
Package: epstopdf-base 2020-01-24 v2.11 Base part for package epstopdf
Package epstopdf-base Info: Redefining graphics rule for `.eps' on input line 485.
 (A:\MIKTEX\tex/latex/00miktex\epstopdf-sys.cfg
File: epstopdf-sys.cfg 2021/03/18 v2.0 Configuration of epstopdf for MiKTeX
))
Package hyperref Info: Link coloring OFF on input line 55.
 (report.out) (report.out)
\@outlinefile=\write3
\openout3 = `report.out'.

Package caption Info: Begin \AtBeginDocument code.
Package caption Info: float package is loaded.
Package caption Info: listings package is loaded.
Package caption Info: End \AtBeginDocument code.

*geometry* driver: auto-detecting
*geometry* detected driver: pdftex
*geometry* verbose mode - [ preamble ] result:
* driver: pdftex
* paper: a4paper
* layout: <same size as paper>
* layoutoffset:(h,v)=(0.0pt,0.0pt)
* modes: 
* h-part:(L,W,R)=(57.81621pt, 481.87546pt, 57.81621pt)
* v-part:(T,H,B)=(57.81621pt, 729.41443pt, 57.81621pt)
* \paperwidth=597.50787pt
* \paperheight=845.04684pt
* \textwidth=481.87546pt
* \textheight=729.41443pt
* \oddsidemargin=-14.45378pt
* \evensidemargin=-14.45378pt
* \topmargin=-51.45378pt
* \headheight=12.0pt
* \headsep=25.0pt
* \topskip=12.0pt
* \footskip=30.0pt
* \marginparwidth=35.0pt
* \marginparsep=10.0pt
* \columnsep=10.0pt
* \skip\footins=10.8pt plus 4.0pt minus 2.0pt
* \hoffset=0.0pt
* \voffset=0.0pt
* \mag=1000
* \@twocolumnfalse
* \@twosidefalse
* \@mparswitchfalse
* \@reversemarginfalse
* (1in=72.27pt=25.4mm, 1cm=28.453pt)

\c@lstlisting=\count322
<nitkkr.png, id=303, 37.21906pt x 38.90535pt>
File: nitkkr.png Graphic file (type png)
<use nitkkr.png>
Package pdftex.def Info: nitkkr.png  used on input line 62.
(pdftex.def)             Requested size: 192.74724pt x 201.48077pt.


[1

{C:/Users/armaan/AppData/Local/MiKTeX/fonts/map/pdftex/pdftex.map} <./nitkkr.png>]


pdfTeX warning (ext4): destination with the same identifier (name{page.1}) has been already used, duplicate ignored
<to be read again> 
                   \relax 
l.113 \newpage
               [1]

[2]

[3]


pdfTeX warning (ext4): destination with the same identifier (name{page.1}) has been already used, duplicate ignored
<to be read again> 
                   \relax 
l.158 \end{abstract}
                     [1] (report.toc
LaTeX Font Info:    Trying to load font information for U+msa on input line 3.
 (A:\MIKTEX\tex/latex/amsfonts\umsa.fd
File: umsa.fd 2013/01/14 v3.01 AMS symbols A
)
LaTeX Font Info:    Trying to load font information for U+msb on input line 3.
 (A:\MIKTEX\tex/latex/amsfonts\umsb.fd
File: umsb.fd 2013/01/14 v3.01 AMS symbols B
)


pdfTeX warning (ext4): destination with the same identifier (name{page.1}) has been already used, duplicate ignored
<to be read again> 
                   \relax 
l.25 ...atic Design and Simulation}{15}{chapter.5}
                                                  % [1

]


pdfTeX warning (ext4): destination with the same identifier (name{page.2}) has been already used, duplicate ignored
<to be read again> 
                   \relax 
l.58 ...hain and Smart Contracts}{34}{section.7.2}
                                                  % [2])
\tf@toc=\write4
\openout4 = `report.toc'.




pdfTeX warning (ext4): destination with the same identifier (name{page.3}) has been already used, duplicate ignored
<to be read again> 
                   \relax 
l.162 \listoffigures
                     [3] (report.lof)
\tf@lof=\write5
\openout5 = `report.lof'.



[4

]
Chapter 1.


[5

]
Chapter 2.


[6

]

[7]
Chapter 3.


[8

]

[9]

[10]

[11]
Chapter 4.
<basicArchitecture.png, id=532, 1877.0125pt x 773.89125pt>
File: basicArchitecture.png Graphic file (type png)
<use basicArchitecture.png>
Package pdftex.def Info: basicArchitecture.png  used on input line 286.
(pdftex.def)             Requested size: 433.68497pt x 178.80603pt.

LaTeX Warning: `h' float specifier changed to `ht'.



[12

]

[13 <./basicArchitecture.png>]

[14]
Chapter 5.


[15

]
<image.png, id=561, 939.51pt x 668.4975pt>
File: image.png Graphic file (type png)
<use image.png>
Package pdftex.def Info: image.png  used on input line 334.
(pdftex.def)             Requested size: 289.1282pt x 205.72241pt.
<MCP3208.PNG, id=563, 294.50024pt x 331.2375pt>
File: MCP3208.PNG Graphic file (type png)
<use MCP3208.PNG>
Package pdftex.def Info: MCP3208.PNG  used on input line 344.
(pdftex.def)             Requested size: 117.798pt x 132.49265pt.


[16 <./image.png (PNG copy)>]
<smartHomeAutocomplete.PNG, id=571, 699.21225pt x 401.70074pt>
File: smartHomeAutocomplete.PNG Graphic file (type png)
<use smartHomeAutocomplete.PNG>
Package pdftex.def Info: smartHomeAutocomplete.PNG  used on input line 358.
(pdftex.def)             Requested size: 475.45802pt x 273.15288pt.


[17 <./MCP3208.PNG>]
<Capture.PNG, id=578, 366.168pt x 311.9655pt>
File: Capture.PNG Graphic file (type png)
<use Capture.PNG>
Package pdftex.def Info: Capture.PNG  used on input line 373.
(pdftex.def)             Requested size: 289.1282pt x 246.3358pt.


[18 <./smartHomeAutocomplete.PNG> <./Capture.PNG>]
<ACS.PNG, id=590, 277.035pt x 181.27725pt>
File: ACS.PNG Graphic file (type png)
<use ACS.PNG>
Package pdftex.def Info: ACS.PNG  used on input line 383.
(pdftex.def)             Requested size: 168.65935pt x 110.36044pt.
<voltageMeasurment.PNG, id=591, 714.87074pt x 382.42876pt>
File: voltageMeasurment.PNG Graphic file (type png)
<use voltageMeasurment.PNG>
Package pdftex.def Info: voltageMeasurment.PNG  used on input line 391.
(pdftex.def)             Requested size: 289.1282pt x 154.67271pt.


[19 <./ACS.PNG>]
<PowerFactor.PNG, id=600, 710.655pt x 380.622pt>
File: PowerFactor.PNG Graphic file (type png)
<use PowerFactor.PNG>
Package pdftex.def Info: PowerFactor.PNG  used on input line 398.
(pdftex.def)             Requested size: 289.1282pt x 154.8596pt.
<smartEnergy.PNG, id=601, 563.706pt x 485.4135pt>
File: smartEnergy.PNG Graphic file (type png)
<use smartEnergy.PNG>
Package pdftex.def Info: smartEnergy.PNG  used on input line 408.
(pdftex.def)             Requested size: 481.87546pt x 414.95879pt.


[20 <./voltageMeasurment.PNG> <./PowerFactor.PNG>]

[21 <./smartEnergy.PNG>] (A:\MIKTEX\tex/latex/listings\lstlang1.sty
File: lstlang1.sty 2024/09/23 1.10c listings language file
) (A:\MIKTEX\tex/latex/listings\lstmisc.sty
File: lstmisc.sty 2024/09/23 1.10c (Carsten Heinz)
)
Package hyperref Info: bookmark level for unknown lstlisting defaults to 0 on input line 419.
LaTeX Font Info:    Font shape `OT1/cmtt/bx/n' in size <10> not available
(Font)              Font shape `OT1/cmtt/m/n' tried instead on input line 421.


[22

] (A:\MIKTEX\tex/latex/listings\lstlang1.sty
File: lstlang1.sty 2024/09/23 1.10c listings language file
)

[23

]

[24]

[25]
Chapter 6.


[26

]
<home.PNG, id=734, 1152.10425pt x 552.26324pt>
File: home.PNG Graphic file (type png)
<use home.PNG>
Package pdftex.def Info: home.PNG  used on input line 544.
(pdftex.def)             Requested size: 481.87546pt x 230.98831pt.
<device creation.PNG, id=736, 434.22224pt x 473.3685pt>
File: device creation.PNG Graphic file (type png)
<use device creation.PNG>
Package pdftex.def Info: device creation.PNG  used on input line 554.
(pdftex.def)             Requested size: 168.65935pt x 183.86177pt.


[27 <./home.PNG>]

[28 <./device creation.PNG>]
<device Details.PNG, id=757, 582.37575pt x 488.42474pt>
File: device Details.PNG Graphic file (type png)
<use device Details.PNG>
Package pdftex.def Info: device Details.PNG  used on input line 602.
(pdftex.def)             Requested size: 385.50183pt x 323.32272pt.


[29]
<dashboard2.PNG, id=774, 981.6675pt x 330.63525pt>
File: dashboard2.PNG Graphic file (type png)
<use dashboard2.PNG>
Package pdftex.def Info: dashboard2.PNG  used on input line 615.
(pdftex.def)             Requested size: 481.87546pt x 162.30026pt.
<dashboard1.PNG, id=775, 978.054pt x 320.99925pt>
File: dashboard1.PNG Graphic file (type png)
<use dashboard1.PNG>
Package pdftex.def Info: dashboard1.PNG  used on input line 619.
(pdftex.def)             Requested size: 481.87546pt x 158.15306pt.


[30 <./device Details.PNG>]

[31 <./dashboard2.PNG> <./dashboard1.PNG>]

[32]

[33]
Chapter 7.


[34

]

[35]

[36]
<gas price.PNG, id=892, 1063.5735pt x 258.9675pt>
File: gas price.PNG Graphic file (type png)
<use gas price.PNG>
Package pdftex.def Info: gas price.PNG  used on input line 751.
(pdftex.def)             Requested size: 481.87546pt x 117.32854pt.
<remix ide.PNG, id=894, 1154.51324pt x 534.798pt>
File: remix ide.PNG Graphic file (type png)
<use remix ide.PNG>
Package pdftex.def Info: remix ide.PNG  used on input line 763.
(pdftex.def)             Requested size: 385.50183pt x 178.57294pt.


[37 <./gas price.PNG> <./remix ide.PNG>]

[38]
Chapter 8.


[39

]

[40]

[41]
<web3 App.PNG, id=995, 323.40825pt x 362.5545pt>
File: web3 App.PNG Graphic file (type png)
<use web3 App.PNG>
Package pdftex.def Info: web3 App.PNG  used on input line 891.
(pdftex.def)             Requested size: 192.74724pt x 216.0739pt.


[42 <./web3 App.PNG>]
<frontend Logs.PNG, id=1019, 526.96875pt x 114.4275pt>
File: frontend Logs.PNG Graphic file (type png)
<use frontend Logs.PNG>
Package pdftex.def Info: frontend Logs.PNG  used on input line 901.
(pdftex.def)             Requested size: 385.50183pt x 83.71295pt.


[43 <./frontend Logs.PNG>]
Chapter 9.


[44

] (report.bbl

[45

]

[46]

[47]

[48]

[49])

[50] (report.aux)
 ***********
LaTeX2e <2024-11-01> patch level 1
L3 programming layer <2024-12-09>
 ***********
Package rerunfilecheck Info: File `report.out' has not changed.
(rerunfilecheck)             Checksum: 976BE77D30CCF570BE3DBFED7F87D9D8;14706.
 ) 
Here is how much of TeX's memory you used:
 15835 strings out of 473576
 236796 string characters out of 5732989
 1112125 words of memory out of 5000000
 38393 multiletter control sequences out of 15000+600000
 566503 words of font info for 67 fonts, out of 8000000 for 9000
 1141 hyphenation exceptions out of 8191
 75i,10n,79p,1215b,2141s stack positions out of 10000i,1000n,20000p,200000b,200000s
 <C:\Users\armaan\AppData\Local\MiKTeX\fonts/pk/ljfour/jknappen/ec/dpi600\tctt1000.pk> <C:\Users\armaan\AppData\Local\MiKTeX\fonts/pk/ljfour/jknappen/ec/dpi600\tcrm1200.pk><A:/MIKTEX/fonts/type1/public/amsfonts/cm/cmbx12.pfb><A:/MIKTEX/fonts/type1/public/amsfonts/cm/cmmi12.pfb><A:/MIKTEX/fonts/type1/public/amsfonts/cm/cmr12.pfb><A:/MIKTEX/fonts/type1/public/amsfonts/cm/cmr6.pfb><A:/MIKTEX/fonts/type1/public/amsfonts/cm/cmsy10.pfb><A:/MIKTEX/fonts/type1/public/amsfonts/cm/cmti12.pfb><A:/MIKTEX/fonts/type1/public/amsfonts/cm/cmtt10.pfb><A:/MIKTEX/fonts/type1/public/amsfonts/cm/cmtt12.pfb>
Output written on report.pdf (55 pages, 1417961 bytes).
PDF statistics:
 1210 PDF objects out of 1440 (max. 8388607)
 442 named destinations out of 1000 (max. 500000)
 696 words of extra memory for PDF output out of 10000 (max. 10000000)

