\BOOKMARK [0][-]{chapter.1}{\376\377\000I\000n\000t\000r\000o\000d\000u\000c\000t\000i\000o\000n}{}% 1
\BOOKMARK [0][-]{chapter.2}{\376\377\000P\000r\000o\000j\000e\000c\000t\000\040\000W\000o\000r\000k\000f\000l\000o\000w}{}% 2
\BOOKMARK [1][-]{section.2.1}{\376\377\000O\000v\000e\000r\000v\000i\000e\000w}{chapter.2}% 3
\BOOKMARK [1][-]{section.2.2}{\376\377\000S\000y\000s\000t\000e\000m\000\040\000A\000r\000c\000h\000i\000t\000e\000c\000t\000u\000r\000e}{chapter.2}% 4
\BOOKMARK [1][-]{section.2.3}{\376\377\000C\000o\000m\000p\000o\000n\000e\000n\000t\000s\000\040\000a\000n\000d\000\040\000D\000a\000t\000a\000\040\000F\000l\000o\000w}{chapter.2}% 5
\BOOKMARK [2][-]{subsection.2.3.1}{\376\377\000E\000n\000e\000r\000g\000y\000\040\000M\000e\000a\000s\000u\000r\000e\000m\000e\000n\000t\000\040\000a\000n\000d\000\040\000D\000a\000t\000a\000\040\000A\000c\000q\000u\000i\000s\000i\000t\000i\000o\000n}{section.2.3}% 6
\BOOKMARK [2][-]{subsection.2.3.2}{\376\377\000D\000a\000t\000a\000\040\000T\000r\000a\000n\000s\000m\000i\000s\000s\000i\000o\000n\000\040\000a\000n\000d\000\040\000S\000t\000o\000r\000a\000g\000e}{section.2.3}% 7
\BOOKMARK [2][-]{subsection.2.3.3}{\376\377\000W\000e\000b\0003\000\040\000I\000n\000t\000e\000g\000r\000a\000t\000i\000o\000n\000\040\000a\000n\000d\000\040\000S\000m\000a\000r\000t\000\040\000C\000o\000n\000t\000r\000a\000c\000t\000s}{section.2.3}% 8
\BOOKMARK [2][-]{subsection.2.3.4}{\376\377\000B\000i\000l\000l\000i\000n\000g\000\040\000a\000n\000d\000\040\000P\000a\000y\000m\000e\000n\000t\000\040\000S\000y\000s\000t\000e\000m}{section.2.3}% 9
\BOOKMARK [1][-]{section.2.4}{\376\377\000C\000o\000n\000c\000l\000u\000s\000i\000o\000n}{chapter.2}% 10
\BOOKMARK [0][-]{chapter.3}{\376\377\000S\000c\000h\000e\000m\000a\000t\000i\000c\000\040\000D\000e\000s\000i\000g\000n\000\040\000a\000n\000d\000\040\000S\000i\000m\000u\000l\000a\000t\000i\000o\000n\000\040\000i\000n\000\040\000P\000r\000o\000t\000e\000u\000s}{}% 11
\BOOKMARK [1][-]{section.3.1}{\376\377\000C\000i\000r\000c\000u\000i\000t\000\040\000D\000e\000s\000i\000g\000n}{chapter.3}% 12
\BOOKMARK [0][-]{chapter.4}{\376\377\000T\000h\000i\000n\000g\000s\000B\000o\000a\000r\000d\000\040\000I\000n\000t\000e\000g\000r\000a\000t\000i\000o\000n}{}% 13
\BOOKMARK [1][-]{section.4.1}{\376\377\000I\000n\000t\000r\000o\000d\000u\000c\000t\000i\000o\000n\000\040\000t\000o\000\040\000T\000h\000i\000n\000g\000s\000B\000o\000a\000r\000d}{chapter.4}% 14
\BOOKMARK [1][-]{section.4.2}{\376\377\000P\000r\000e\000r\000e\000q\000u\000i\000s\000i\000t\000e\000s\000\040\000f\000o\000r\000\040\000T\000h\000i\000n\000g\000s\000B\000o\000a\000r\000d\000\040\000M\000Q\000T\000T\000\040\000I\000n\000t\000e\000g\000r\000a\000t\000i\000o\000n}{chapter.4}% 15
\BOOKMARK [1][-]{section.4.3}{\376\377\000C\000o\000n\000n\000e\000c\000t\000i\000n\000g\000\040\000T\000h\000i\000n\000g\000s\000B\000o\000a\000r\000d\000\040\000w\000i\000t\000h\000\040\000M\000Q\000T\000T}{chapter.4}% 16
\BOOKMARK [2][-]{subsection.4.3.1}{\376\377\000S\000t\000e\000p\000\040\0001\000:\000\040\000D\000e\000f\000i\000n\000e\000\040\000C\000o\000n\000n\000e\000c\000t\000i\000o\000n\000\040\000P\000a\000r\000a\000m\000e\000t\000e\000r\000s}{section.4.3}% 17
\BOOKMARK [2][-]{subsection.4.3.2}{\376\377\000S\000t\000e\000p\000\040\0002\000:\000\040\000I\000n\000s\000t\000a\000l\000l\000\040\000a\000n\000d\000\040\000I\000m\000p\000o\000r\000t\000\040\000M\000Q\000T\000T\000\040\000L\000i\000b\000r\000a\000r\000y}{section.4.3}% 18
\BOOKMARK [2][-]{subsection.4.3.3}{\376\377\000S\000t\000e\000p\000\040\0003\000:\000\040\000C\000r\000e\000a\000t\000e\000\040\000M\000Q\000T\000T\000\040\000C\000l\000i\000e\000n\000t\000\040\000a\000n\000d\000\040\000C\000o\000n\000n\000e\000c\000t}{section.4.3}% 19
\BOOKMARK [2][-]{subsection.4.3.4}{\376\377\000S\000t\000e\000p\000\040\0004\000:\000\040\000P\000u\000b\000l\000i\000s\000h\000\040\000S\000e\000n\000s\000o\000r\000\040\000D\000a\000t\000a}{section.4.3}% 20
\BOOKMARK [2][-]{subsection.4.3.5}{\376\377\000S\000t\000e\000p\000\040\0005\000:\000\040\000V\000e\000r\000i\000f\000y\000\040\000D\000a\000t\000a\000\040\000i\000n\000\040\000T\000h\000i\000n\000g\000s\000B\000o\000a\000r\000d}{section.4.3}% 21
\BOOKMARK [1][-]{section.4.4}{\376\377\000P\000r\000e\000r\000e\000q\000u\000i\000s\000i\000t\000e\000s\000\040\000f\000o\000r\000\040\000T\000h\000i\000n\000g\000s\000B\000o\000a\000r\000d\000\040\000A\000P\000I\000\040\000I\000n\000t\000e\000g\000r\000a\000t\000i\000o\000n}{chapter.4}% 22
\BOOKMARK [1][-]{section.4.5}{\376\377\000C\000o\000n\000n\000e\000c\000t\000i\000n\000g\000\040\000t\000o\000\040\000T\000h\000i\000n\000g\000s\000B\000o\000a\000r\000d\000\040\000A\000P\000I}{chapter.4}% 23
\BOOKMARK [2][-]{subsection.4.5.1}{\376\377\000S\000t\000e\000p\000\040\0001\000:\000\040\000G\000e\000n\000e\000r\000a\000t\000e\000\040\000A\000c\000c\000e\000s\000s\000\040\000T\000o\000k\000e\000n}{section.4.5}% 24
\BOOKMARK [2][-]{subsection.4.5.2}{\376\377\000S\000t\000e\000p\000\040\0002\000:\000\040\000E\000x\000t\000r\000a\000c\000t\000\040\000J\000W\000T\000\040\000T\000o\000k\000e\000n}{section.4.5}% 25
\BOOKMARK [2][-]{subsection.4.5.3}{\376\377\000S\000t\000e\000p\000\040\0003\000:\000\040\000F\000e\000t\000c\000h\000\040\000T\000e\000l\000e\000m\000e\000t\000r\000y\000\040\000D\000a\000t\000a}{section.4.5}% 26
\BOOKMARK [2][-]{subsection.4.5.4}{\376\377\000S\000t\000e\000p\000\040\0004\000:\000\040\000P\000r\000o\000c\000e\000s\000s\000\040\000R\000e\000s\000p\000o\000n\000s\000e\000\040\000D\000a\000t\000a}{section.4.5}% 27
\BOOKMARK [1][-]{section.4.6}{\376\377\000C\000o\000n\000c\000l\000u\000s\000i\000o\000n}{chapter.4}% 28
\BOOKMARK [0][-]{chapter.5}{\376\377\000B\000l\000o\000c\000k\000c\000h\000a\000i\000n\000\040\000a\000n\000d\000\040\000S\000m\000a\000r\000t\000\040\000C\000o\000n\000t\000r\000a\000c\000t\000s}{}% 29
\BOOKMARK [1][-]{section.5.1}{\376\377\000I\000n\000t\000r\000o\000d\000u\000c\000t\000i\000o\000n\000\040\000t\000o\000\040\000B\000l\000o\000c\000k\000c\000h\000a\000i\000n}{chapter.5}% 30
\BOOKMARK [1][-]{section.5.2}{\376\377\000A\000d\000v\000a\000n\000t\000a\000g\000e\000s\000\040\000o\000f\000\040\000B\000l\000o\000c\000k\000c\000h\000a\000i\000n\000\040\000a\000n\000d\000\040\000S\000m\000a\000r\000t\000\040\000C\000o\000n\000t\000r\000a\000c\000t\000s}{chapter.5}% 31
\BOOKMARK [1][-]{section.5.3}{\376\377\000S\000o\000l\000i\000d\000i\000t\000y\000\040\000B\000a\000s\000i\000c\000s}{chapter.5}% 32
\BOOKMARK [1][-]{section.5.4}{\376\377\000S\000m\000a\000r\000t\000\040\000C\000o\000n\000t\000r\000a\000c\000t\000\040\000D\000e\000p\000l\000o\000y\000e\000d\000\040\000i\000n\000\040\000t\000h\000e\000\040\000P\000r\000o\000j\000e\000c\000t}{chapter.5}% 33
\BOOKMARK [1][-]{section.5.5}{\376\377\000E\000t\000h\000e\000r\000e\000u\000m\000\040\000a\000n\000d\000\040\000G\000a\000s\000\040\000E\000s\000t\000i\000m\000a\000t\000i\000o\000n}{chapter.5}% 34
\BOOKMARK [1][-]{section.5.6}{\376\377\000R\000e\000m\000i\000x\000\040\000I\000D\000E\000\040\000a\000n\000d\000\040\000S\000m\000a\000r\000t\000\040\000C\000o\000n\000t\000r\000a\000c\000t\000\040\000D\000e\000p\000l\000o\000y\000m\000e\000n\000t}{chapter.5}% 35
\BOOKMARK [1][-]{section.5.7}{\376\377\000C\000o\000n\000c\000l\000u\000s\000i\000o\000n}{chapter.5}% 36
\BOOKMARK [0][-]{chapter.6}{\376\377\000G\000a\000n\000a\000c\000h\000e\000\040\000T\000o\000o\000l\000c\000h\000a\000i\000n}{}% 37
\BOOKMARK [1][-]{section.6.1}{\376\377\000I\000n\000t\000r\000o\000d\000u\000c\000t\000i\000o\000n\000\040\000t\000o\000\040\000G\000a\000n\000a\000c\000h\000e}{chapter.6}% 38
\BOOKMARK [1][-]{section.6.2}{\376\377\000E\000t\000h\000e\000r\000e\000u\000m\000\040\000T\000e\000s\000t\000n\000e\000t\000s\000\040\000a\000n\000d\000\040\000T\000h\000e\000i\000r\000\040\000C\000h\000a\000l\000l\000e\000n\000g\000e\000s}{chapter.6}% 39
\BOOKMARK [1][-]{section.6.3}{\376\377\000W\000h\000y\000\040\000G\000a\000n\000a\000c\000h\000e\000\040\000i\000s\000\040\000B\000e\000n\000e\000f\000i\000c\000i\000a\000l\000\040\000f\000o\000r\000\040\000D\000e\000v\000e\000l\000o\000p\000m\000e\000n\000t}{chapter.6}% 40
\BOOKMARK [1][-]{section.6.4}{\376\377\000U\000s\000a\000g\000e\000\040\000o\000f\000\040\000G\000a\000n\000a\000c\000h\000e\000\040\000i\000n\000\040\000t\000h\000e\000\040\000P\000r\000o\000j\000e\000c\000t}{chapter.6}% 41
\BOOKMARK [1][-]{section.6.5}{\376\377\000C\000o\000n\000c\000l\000u\000s\000i\000o\000n}{chapter.6}% 42
\BOOKMARK [0][-]{chapter.7}{\376\377\000B\000u\000i\000l\000d\000i\000n\000g\000\040\000t\000h\000e\000\040\000W\000e\000b\0003\000\040\000A\000p\000p\000l\000i\000c\000a\000t\000i\000o\000n}{}% 43
\BOOKMARK [1][-]{section.7.1}{\376\377\000I\000n\000t\000r\000o\000d\000u\000c\000t\000i\000o\000n}{chapter.7}% 44
\BOOKMARK [1][-]{section.7.2}{\376\377\000P\000r\000o\000j\000e\000c\000t\000\040\000S\000e\000t\000u\000p}{chapter.7}% 45
\BOOKMARK [1][-]{section.7.3}{\376\377\000C\000o\000n\000n\000e\000c\000t\000i\000n\000g\000\040\000t\000o\000\040\000B\000l\000o\000c\000k\000c\000h\000a\000i\000n}{chapter.7}% 46
\BOOKMARK [1][-]{section.7.4}{\376\377\000F\000e\000t\000c\000h\000i\000n\000g\000\040\000E\000n\000e\000r\000g\000y\000\040\000D\000a\000t\000a}{chapter.7}% 47
\BOOKMARK [1][-]{section.7.5}{\376\377\000I\000n\000t\000e\000r\000a\000c\000t\000i\000n\000g\000\040\000w\000i\000t\000h\000\040\000t\000h\000e\000\040\000S\000m\000a\000r\000t\000\040\000C\000o\000n\000t\000r\000a\000c\000t}{chapter.7}% 48
\BOOKMARK [2][-]{subsection.7.5.1}{\376\377\000S\000t\000o\000r\000i\000n\000g\000\040\000E\000n\000e\000r\000g\000y\000\040\000D\000a\000t\000a}{section.7.5}% 49
\BOOKMARK [2][-]{subsection.7.5.2}{\376\377\000F\000e\000t\000c\000h\000i\000n\000g\000\040\000a\000n\000d\000\040\000P\000a\000y\000i\000n\000g\000\040\000B\000i\000l\000l\000s}{section.7.5}% 50
\BOOKMARK [1][-]{section.7.6}{\376\377\000F\000r\000o\000n\000t\000e\000n\000d\000\040\000I\000n\000t\000e\000r\000f\000a\000c\000e}{chapter.7}% 51
\BOOKMARK [1][-]{section.7.7}{\376\377\000C\000o\000n\000c\000l\000u\000s\000i\000o\000n}{chapter.7}% 52
\BOOKMARK [0][-]{chapter.8}{\376\377\000D\000o\000c\000k\000e\000r\000i\000z\000i\000n\000g\000\040\000t\000h\000e\000\040\000C\000o\000m\000p\000l\000e\000t\000e\000\040\000S\000y\000s\000t\000e\000m}{}% 53
\BOOKMARK [1][-]{section.8.1}{\376\377\000I\000n\000t\000r\000o\000d\000u\000c\000t\000i\000o\000n}{chapter.8}% 54
\BOOKMARK [1][-]{section.8.2}{\376\377\000D\000o\000c\000k\000e\000r\000i\000z\000a\000t\000i\000o\000n\000\040\000P\000r\000o\000c\000e\000s\000s}{chapter.8}% 55
\BOOKMARK [2][-]{subsection.8.2.1}{\376\377\000D\000o\000c\000k\000e\000r\000\040\000C\000o\000m\000p\000o\000s\000e}{section.8.2}% 56
\BOOKMARK [2][-]{subsection.8.2.2}{\376\377\000D\000o\000c\000k\000e\000r\000f\000i\000l\000e}{section.8.2}% 57
\BOOKMARK [2][-]{subsection.8.2.3}{\376\377\000R\000u\000n\000n\000i\000n\000g\000\040\000t\000h\000e\000\040\000C\000o\000n\000t\000a\000i\000n\000e\000r\000s}{section.8.2}% 58
\BOOKMARK [2][-]{subsection.8.2.4}{\376\377\000S\000t\000o\000p\000p\000i\000n\000g\000\040\000a\000n\000d\000\040\000R\000e\000m\000o\000v\000i\000n\000g\000\040\000C\000o\000n\000t\000a\000i\000n\000e\000r\000s}{section.8.2}% 59
\BOOKMARK [1][-]{section.8.3}{\376\377\000C\000o\000n\000c\000l\000u\000s\000i\000o\000n}{chapter.8}% 60
\BOOKMARK [0][-]{chapter.9}{\376\377\000F\000u\000t\000u\000r\000e\000\040\000S\000c\000o\000p\000e}{}% 61
\BOOKMARK [0][-]{chapter.10}{\376\377\000C\000o\000n\000c\000l\000u\000s\000i\000o\000n}{}% 62
